Determining if the pthread_create exist failed with the following output:
Change Dir: /home/workspace/catkin_ws/build/CMakeFiles/CMakeTmp

Run Build Command:"/usr/bin/make" "cmTC_c7bc7/fast"
/usr/bin/make -f CMakeFiles/cmTC_c7bc7.dir/build.make CMakeFiles/cmTC_c7bc7.dir/build
make[1]: Entering directory '/home/workspace/catkin_ws/build/CMakeFiles/CMakeTmp'
Building C object CMakeFiles/cmTC_c7bc7.dir/CheckSymbolExists.c.o
/usr/bin/cc     -o CMakeFiles/cmTC_c7bc7.dir/CheckSymbolExists.c.o   -c /home/workspace/catkin_ws/build/CMakeFiles/CMakeTmp/CheckSymbolExists.c
Linking C executable cmTC_c7bc7
/usr/bin/cmake -E cmake_link_script CMakeFiles/cmTC_c7bc7.dir/link.txt --verbose=1
/usr/bin/cc       CMakeFiles/cmTC_c7bc7.dir/CheckSymbolExists.c.o  -o cmTC_c7bc7 -rdynamic 
CMakeFiles/cmTC_c7bc7.dir/CheckSymbolExists.c.o: In function `main':
CheckSymbolExists.c:(.text+0x16): undefined reference to `pthread_create'
collect2: error: ld returned 1 exit status
CMakeFiles/cmTC_c7bc7.dir/build.make:97: recipe for target 'cmTC_c7bc7' failed
make[1]: *** [cmTC_c7bc7] Error 1
make[1]: Leaving directory '/home/workspace/catkin_ws/build/CMakeFiles/CMakeTmp'
Makefile:126: recipe for target 'cmTC_c7bc7/fast' failed
make: *** [cmTC_c7bc7/fast] Error 2

File /home/workspace/catkin_ws/build/CMakeFiles/CMakeTmp/CheckSymbolExists.c:
/* */
#include <pthread.h>

int main(int argc, char** argv)
{
  (void)argv;
#ifndef pthread_create
  return ((int*)(&pthread_create))[argc];
#else
  (void)argc;
  return 0;
#endif
}

Determining if the function pthread_create exists in the pthreads failed with the following output:
Change Dir: /home/workspace/catkin_ws/build/CMakeFiles/CMakeTmp

Run Build Command:"/usr/bin/make" "cmTC_f12ea/fast"
/usr/bin/make -f CMakeFiles/cmTC_f12ea.dir/build.make CMakeFiles/cmTC_f12ea.dir/build
make[1]: Entering directory '/home/workspace/catkin_ws/build/CMakeFiles/CMakeTmp'
Building C object CMakeFiles/cmTC_f12ea.dir/CheckFunctionExists.c.o
/usr/bin/cc    -DCHECK_FUNCTION_EXISTS=pthread_create   -o CMakeFiles/cmTC_f12ea.dir/CheckFunctionExists.c.o   -c /usr/share/cmake-3.5/Modules/CheckFunctionExists.c
Linking C executable cmTC_f12ea
/usr/bin/cmake -E cmake_link_script CMakeFiles/cmTC_f12ea.dir/link.txt --verbose=1
/usr/bin/cc   -DCHECK_FUNCTION_EXISTS=pthread_create    CMakeFiles/cmTC_f12ea.dir/CheckFunctionExists.c.o  -o cmTC_f12ea -rdynamic -lpthreads 
/usr/bin/ld: cannot find -lpthreads
collect2: error: ld returned 1 exit status
CMakeFiles/cmTC_f12ea.dir/build.make:97: recipe for target 'cmTC_f12ea' failed
make[1]: *** [cmTC_f12ea] Error 1
make[1]: Leaving directory '/home/workspace/catkin_ws/build/CMakeFiles/CMakeTmp'
Makefile:126: recipe for target 'cmTC_f12ea/fast' failed
make: *** [cmTC_f12ea/fast] Error 2


Determining if the pthread_create exist failed with the following output:
Change Dir: /home/workspace/catkin_ws/build/CMakeFiles/CMakeTmp

Run Build Command:"/usr/bin/make" "cmTC_1086e/fast"
/usr/bin/make -f CMakeFiles/cmTC_1086e.dir/build.make CMakeFiles/cmTC_1086e.dir/build
make[1]: Entering directory '/home/workspace/catkin_ws/build/CMakeFiles/CMakeTmp'
Building C object CMakeFiles/cmTC_1086e.dir/CheckSymbolExists.c.o
/usr/bin/cc     -o CMakeFiles/cmTC_1086e.dir/CheckSymbolExists.c.o   -c /home/workspace/catkin_ws/build/CMakeFiles/CMakeTmp/CheckSymbolExists.c
Linking C executable cmTC_1086e
/usr/bin/cmake -E cmake_link_script CMakeFiles/cmTC_1086e.dir/link.txt --verbose=1
/usr/bin/cc       CMakeFiles/cmTC_1086e.dir/CheckSymbolExists.c.o  -o cmTC_1086e -rdynamic 
CMakeFiles/cmTC_1086e.dir/CheckSymbolExists.c.o: In function `main':
CheckSymbolExists.c:(.text+0x16): undefined reference to `pthread_create'
collect2: error: ld returned 1 exit status
CMakeFiles/cmTC_1086e.dir/build.make:97: recipe for target 'cmTC_1086e' failed
make[1]: *** [cmTC_1086e] Error 1
make[1]: Leaving directory '/home/workspace/catkin_ws/build/CMakeFiles/CMakeTmp'
Makefile:126: recipe for target 'cmTC_1086e/fast' failed
make: *** [cmTC_1086e/fast] Error 2

File /home/workspace/catkin_ws/build/CMakeFiles/CMakeTmp/CheckSymbolExists.c:
/* */
#include <pthread.h>

int main(int argc, char** argv)
{
  (void)argv;
#ifndef pthread_create
  return ((int*)(&pthread_create))[argc];
#else
  (void)argc;
  return 0;
#endif
}

Determining if the function pthread_create exists in the pthreads failed with the following output:
Change Dir: /home/workspace/catkin_ws/build/CMakeFiles/CMakeTmp

Run Build Command:"/usr/bin/make" "cmTC_53e61/fast"
/usr/bin/make -f CMakeFiles/cmTC_53e61.dir/build.make CMakeFiles/cmTC_53e61.dir/build
make[1]: Entering directory '/home/workspace/catkin_ws/build/CMakeFiles/CMakeTmp'
Building C object CMakeFiles/cmTC_53e61.dir/CheckFunctionExists.c.o
/usr/bin/cc    -DCHECK_FUNCTION_EXISTS=pthread_create   -o CMakeFiles/cmTC_53e61.dir/CheckFunctionExists.c.o   -c /usr/share/cmake-3.5/Modules/CheckFunctionExists.c
Linking C executable cmTC_53e61
/usr/bin/cmake -E cmake_link_script CMakeFiles/cmTC_53e61.dir/link.txt --verbose=1
/usr/bin/cc   -DCHECK_FUNCTION_EXISTS=pthread_create    CMakeFiles/cmTC_53e61.dir/CheckFunctionExists.c.o  -o cmTC_53e61 -rdynamic -lpthreads 
/usr/bin/ld: cannot find -lpthreads
collect2: error: ld returned 1 exit status
CMakeFiles/cmTC_53e61.dir/build.make:97: recipe for target 'cmTC_53e61' failed
make[1]: *** [cmTC_53e61] Error 1
make[1]: Leaving directory '/home/workspace/catkin_ws/build/CMakeFiles/CMakeTmp'
Makefile:126: recipe for target 'cmTC_53e61/fast' failed
make: *** [cmTC_53e61/fast] Error 2


